<?xml version="1.0" encoding="UTF-8"?>
<!-- Generated by org.testng.reporters.JUnitReportReporter -->
<testsuite hostname="karthikeyan47" failures="0" tests="1" name="com.Training.Selenium.Login" time="10.099" errors="0" timestamp="2024-08-21T20:26:40 IST" skipped="0">
  <testcase classname="com.Training.Selenium.Login" name="VerifyCredential" time="10.099"/>
  <system-out/>
</testsuite> <!-- com.Training.Selenium.Login -->
